[0.761s] DEBUG:colcon:Command line arguments: ['/usr/bin/colcon', 'build']
[0.761s] DEBUG:colcon:Parsed command line arguments: Namespace(log_base=None, log_level=None, verb_name='build', build_base='build', install_base='install', merge_install=False, symlink_install=False, test_result_base=None, continue_on_error=False, executor='parallel', parallel_workers=4, event_handlers=None, ignore_user_meta=False, metas=['./colcon.meta'], base_paths=['.'], packages_ignore=None, packages_ignore_regex=None, paths=None, packages_up_to=None, packages_up_to_regex=None, packages_above=None, packages_above_and_dependencies=None, packages_above_depth=None, packages_select_by_dep=None, packages_skip_by_dep=None, packages_skip_up_to=None, packages_select_build_failed=False, packages_skip_build_finished=False, packages_select_test_failures=False, packages_skip_test_passed=False, packages_select=None, packages_skip=None, packages_select_regex=None, packages_skip_regex=None, packages_start=None, packages_end=None, allow_overriding=[], cmake_args=None, cmake_target=None, cmake_target_skip_unavailable=False, cmake_clean_cache=False, cmake_clean_first=False, cmake_force_configure=False, ament_cmake_args=None, catkin_cmake_args=None, catkin_skip_building_tests=False, mixin_files=None, mixin=None, verb_parser=<colcon_mixin.mixin.mixin_argument.MixinArgumentDecorator object at 0x7e5042caba70>, verb_extension=<colcon_core.verb.build.BuildVerb object at 0x7e5042dfc140>, main=<bound method BuildVerb.main of <colcon_core.verb.build.BuildVerb object at 0x7e5042dfc140>>, mixin_verb=('build',))
[0.981s] Level 1:colcon.colcon_core.package_discovery:discover_packages(colcon_meta) check parameters
[0.982s] Level 1:colcon.colcon_core.package_discovery:discover_packages(recursive) check parameters
[0.982s] Level 1:colcon.colcon_core.package_discovery:discover_packages(ignore) check parameters
[0.982s] Level 1:colcon.colcon_core.package_discovery:discover_packages(path) check parameters
[0.982s] Level 1:colcon.colcon_core.package_discovery:discover_packages(colcon_meta) discover
[0.982s] Level 1:colcon.colcon_core.package_discovery:discover_packages(recursive) discover
[0.982s] INFO:colcon.colcon_core.package_discovery:Crawling recursively for packages in '/home/ilyas-ourara/Bureau/Master/S2/Systèmes_Temps_Réel_et_Autonomes/Project/car_nav2_mecanum'
[0.983s] Level 1:colcon.colcon_core.package_identification:_identify(.) by extensions ['ignore', 'ignore_ament_install']
[0.983s] Level 1:colcon.colcon_core.package_identification:_identify(.) by extension 'ignore'
[0.983s] Level 1:colcon.colcon_core.package_identification:_identify(.) by extension 'ignore_ament_install'
[0.983s] Level 1:colcon.colcon_core.package_identification:_identify(.) by extensions ['colcon_pkg']
[0.983s] Level 1:colcon.colcon_core.package_identification:_identify(.) by extension 'colcon_pkg'
[0.983s] Level 1:colcon.colcon_core.package_identification:_identify(.) by extensions ['colcon_meta']
[0.983s] Level 1:colcon.colcon_core.package_identification:_identify(.) by extension 'colcon_meta'
[0.983s] Level 1:colcon.colcon_core.package_identification:_identify(.) by extensions ['ros']
[0.983s] Level 1:colcon.colcon_core.package_identification:_identify(.) by extension 'ros'
[1.050s] Level 1:colcon.colcon_core.package_identification:_identify(.) by extensions ['cmake', 'python']
[1.050s] Level 1:colcon.colcon_core.package_identification:_identify(.) by extension 'cmake'
[1.050s] Level 1:colcon.colcon_core.package_identification:_identify(.) by extension 'python'
[1.050s] Level 1:colcon.colcon_core.package_identification:_identify(.) by extensions ['python_setup_py']
[1.050s] Level 1:colcon.colcon_core.package_identification:_identify(.) by extension 'python_setup_py'
[1.051s] Level 1:colcon.colcon_core.package_identification:_identify(build) by extensions ['ignore', 'ignore_ament_install']
[1.051s] Level 1:colcon.colcon_core.package_identification:_identify(build) by extension 'ignore'
[1.051s] Level 1:colcon.colcon_core.package_identification:_identify(build) ignored
[1.051s] Level 1:colcon.colcon_core.package_identification:_identify(install) by extensions ['ignore', 'ignore_ament_install']
[1.051s] Level 1:colcon.colcon_core.package_identification:_identify(install) by extension 'ignore'
[1.052s] Level 1:colcon.colcon_core.package_identification:_identify(install) ignored
[1.052s] Level 1:colcon.colcon_core.package_identification:_identify(log) by extensions ['ignore', 'ignore_ament_install']
[1.052s] Level 1:colcon.colcon_core.package_identification:_identify(log) by extension 'ignore'
[1.052s] Level 1:colcon.colcon_core.package_identification:_identify(log) ignored
[1.053s] Level 1:colcon.colcon_core.package_identification:_identify(src) by extensions ['ignore', 'ignore_ament_install']
[1.053s] Level 1:colcon.colcon_core.package_identification:_identify(src) by extension 'ignore'
[1.053s] Level 1:colcon.colcon_core.package_identification:_identify(src) by extension 'ignore_ament_install'
[1.053s] Level 1:colcon.colcon_core.package_identification:_identify(src) by extensions ['colcon_pkg']
[1.053s] Level 1:colcon.colcon_core.package_identification:_identify(src) by extension 'colcon_pkg'
[1.053s] Level 1:colcon.colcon_core.package_identification:_identify(src) by extensions ['colcon_meta']
[1.053s] Level 1:colcon.colcon_core.package_identification:_identify(src) by extension 'colcon_meta'
[1.053s] Level 1:colcon.colcon_core.package_identification:_identify(src) by extensions ['ros']
[1.054s] Level 1:colcon.colcon_core.package_identification:_identify(src) by extension 'ros'
[1.061s] DEBUG:colcon.colcon_core.package_identification:Package 'src' with type 'ros.ament_cmake' and name 'car_nav2_mecanum'
[1.061s] Level 1:colcon.colcon_core.package_discovery:discover_packages(recursive) using defaults
[1.061s] Level 1:colcon.colcon_core.package_discovery:discover_packages(ignore) discover
[1.061s] Level 1:colcon.colcon_core.package_discovery:discover_packages(ignore) using defaults
[1.061s] Level 1:colcon.colcon_core.package_discovery:discover_packages(path) discover
[1.062s] Level 1:colcon.colcon_core.package_discovery:discover_packages(path) using defaults
[1.115s] Level 1:colcon.colcon_core.package_discovery:discover_packages(prefix_path) check parameters
[1.115s] Level 1:colcon.colcon_core.package_discovery:discover_packages(prefix_path) discover
[1.122s] DEBUG:colcon.colcon_installed_package_information.package_discovery:Found 1 installed packages in /home/ilyas-ourara/Bureau/Master/S2/Systèmes_Temps_Réel_et_Autonomes/Project/car_nav2_mecanum/install
[1.127s] DEBUG:colcon.colcon_installed_package_information.package_discovery:Found 411 installed packages in /opt/ros/jazzy
[1.131s] Level 1:colcon.colcon_core.package_discovery:discover_packages(prefix_path) using defaults
[1.242s] Level 5:colcon.colcon_core.verb:set package 'car_nav2_mecanum' build argument 'cmake_args' from command line to 'None'
[1.242s] Level 5:colcon.colcon_core.verb:set package 'car_nav2_mecanum' build argument 'cmake_target' from command line to 'None'
[1.242s] Level 5:colcon.colcon_core.verb:set package 'car_nav2_mecanum' build argument 'cmake_target_skip_unavailable' from command line to 'False'
[1.242s] Level 5:colcon.colcon_core.verb:set package 'car_nav2_mecanum' build argument 'cmake_clean_cache' from command line to 'False'
[1.243s] Level 5:colcon.colcon_core.verb:set package 'car_nav2_mecanum' build argument 'cmake_clean_first' from command line to 'False'
[1.243s] Level 5:colcon.colcon_core.verb:set package 'car_nav2_mecanum' build argument 'cmake_force_configure' from command line to 'False'
[1.243s] Level 5:colcon.colcon_core.verb:set package 'car_nav2_mecanum' build argument 'ament_cmake_args' from command line to 'None'
[1.243s] Level 5:colcon.colcon_core.verb:set package 'car_nav2_mecanum' build argument 'catkin_cmake_args' from command line to 'None'
[1.243s] Level 5:colcon.colcon_core.verb:set package 'car_nav2_mecanum' build argument 'catkin_skip_building_tests' from command line to 'False'
[1.243s] DEBUG:colcon.colcon_core.verb:Building package 'car_nav2_mecanum' with the following arguments: {'ament_cmake_args': None, 'build_base': '/home/ilyas-ourara/Bureau/Master/S2/Systèmes_Temps_Réel_et_Autonomes/Project/car_nav2_mecanum/build/car_nav2_mecanum', 'catkin_cmake_args': None, 'catkin_skip_building_tests': False, 'cmake_args': None, 'cmake_clean_cache': False, 'cmake_clean_first': False, 'cmake_force_configure': False, 'cmake_target': None, 'cmake_target_skip_unavailable': False, 'install_base': '/home/ilyas-ourara/Bureau/Master/S2/Systèmes_Temps_Réel_et_Autonomes/Project/car_nav2_mecanum/install/car_nav2_mecanum', 'merge_install': False, 'path': '/home/ilyas-ourara/Bureau/Master/S2/Systèmes_Temps_Réel_et_Autonomes/Project/car_nav2_mecanum/src', 'symlink_install': False, 'test_result_base': None}
[1.243s] INFO:colcon.colcon_core.executor:Executing jobs using 'parallel' executor
[1.244s] DEBUG:colcon.colcon_parallel_executor.executor.parallel:run_until_complete
[1.245s] INFO:colcon.colcon_ros.task.ament_cmake.build:Building ROS package in '/home/ilyas-ourara/Bureau/Master/S2/Systèmes_Temps_Réel_et_Autonomes/Project/car_nav2_mecanum/src' with build type 'ament_cmake'
[1.245s] INFO:colcon.colcon_cmake.task.cmake.build:Building CMake package in '/home/ilyas-ourara/Bureau/Master/S2/Systèmes_Temps_Réel_et_Autonomes/Project/car_nav2_mecanum/src'
[1.262s] INFO:colcon.colcon_core.plugin_system:Skipping extension 'colcon_core.shell.bat': Not used on non-Windows systems
[1.263s] INFO:colcon.colcon_core.shell:Skip shell extension 'powershell' for command environment: Not usable outside of PowerShell
[1.263s] DEBUG:colcon.colcon_core.shell:Skip shell extension 'dsv' for command environment
[1.282s] DEBUG:colcon.colcon_core.event_handler.log_command:Invoking command in '/home/ilyas-ourara/Bureau/Master/S2/Systèmes_Temps_Réel_et_Autonomes/Project/car_nav2_mecanum/build/car_nav2_mecanum': CMAKE_PREFIX_PATH=${CMAKE_PREFIX_PATH}:/opt/ros/jazzy DEBUGINFOD_URLS=https://debuginfod.ubuntu.com /usr/bin/cmake /home/ilyas-ourara/Bureau/Master/S2/Systèmes_Temps_Réel_et_Autonomes/Project/car_nav2_mecanum/src -DCMAKE_INSTALL_PREFIX=/home/ilyas-ourara/Bureau/Master/S2/Systèmes_Temps_Réel_et_Autonomes/Project/car_nav2_mecanum/install/car_nav2_mecanum
[1.369s] DEBUG:colcon.colcon_core.event_handler.log_command:Invoked command in '/home/ilyas-ourara/Bureau/Master/S2/Systèmes_Temps_Réel_et_Autonomes/Project/car_nav2_mecanum/build/car_nav2_mecanum' returned '1': CMAKE_PREFIX_PATH=${CMAKE_PREFIX_PATH}:/opt/ros/jazzy DEBUGINFOD_URLS=https://debuginfod.ubuntu.com /usr/bin/cmake /home/ilyas-ourara/Bureau/Master/S2/Systèmes_Temps_Réel_et_Autonomes/Project/car_nav2_mecanum/src -DCMAKE_INSTALL_PREFIX=/home/ilyas-ourara/Bureau/Master/S2/Systèmes_Temps_Réel_et_Autonomes/Project/car_nav2_mecanum/install/car_nav2_mecanum
[1.451s] Level 1:colcon.colcon_core.environment:create_environment_scripts_only(car_nav2_mecanum)
[1.472s] Level 1:colcon.colcon_core.environment:checking '/home/ilyas-ourara/Bureau/Master/S2/Systèmes_Temps_Réel_et_Autonomes/Project/car_nav2_mecanum/install/car_nav2_mecanum' for CMake module files
[1.475s] Level 1:colcon.colcon_core.environment:checking '/home/ilyas-ourara/Bureau/Master/S2/Systèmes_Temps_Réel_et_Autonomes/Project/car_nav2_mecanum/install/car_nav2_mecanum' for CMake config files
[1.477s] Level 1:colcon.colcon_core.environment:checking '/home/ilyas-ourara/Bureau/Master/S2/Systèmes_Temps_Réel_et_Autonomes/Project/car_nav2_mecanum/install/car_nav2_mecanum/bin'
[1.477s] Level 1:colcon.colcon_core.environment:checking '/home/ilyas-ourara/Bureau/Master/S2/Systèmes_Temps_Réel_et_Autonomes/Project/car_nav2_mecanum/install/car_nav2_mecanum/lib/pkgconfig/car_nav2_mecanum.pc'
[1.479s] Level 1:colcon.colcon_core.environment:checking '/home/ilyas-ourara/Bureau/Master/S2/Systèmes_Temps_Réel_et_Autonomes/Project/car_nav2_mecanum/install/car_nav2_mecanum/lib/python3.12/site-packages'
[1.480s] Level 1:colcon.colcon_core.environment:checking '/home/ilyas-ourara/Bureau/Master/S2/Systèmes_Temps_Réel_et_Autonomes/Project/car_nav2_mecanum/install/car_nav2_mecanum/bin'
[1.481s] INFO:colcon.colcon_core.shell:Creating package script '/home/ilyas-ourara/Bureau/Master/S2/Systèmes_Temps_Réel_et_Autonomes/Project/car_nav2_mecanum/install/car_nav2_mecanum/share/car_nav2_mecanum/package.ps1'
[1.486s] INFO:colcon.colcon_core.shell:Creating package descriptor '/home/ilyas-ourara/Bureau/Master/S2/Systèmes_Temps_Réel_et_Autonomes/Project/car_nav2_mecanum/install/car_nav2_mecanum/share/car_nav2_mecanum/package.dsv'
[1.488s] INFO:colcon.colcon_core.shell:Creating package script '/home/ilyas-ourara/Bureau/Master/S2/Systèmes_Temps_Réel_et_Autonomes/Project/car_nav2_mecanum/install/car_nav2_mecanum/share/car_nav2_mecanum/package.sh'
[1.491s] INFO:colcon.colcon_core.shell:Creating package script '/home/ilyas-ourara/Bureau/Master/S2/Systèmes_Temps_Réel_et_Autonomes/Project/car_nav2_mecanum/install/car_nav2_mecanum/share/car_nav2_mecanum/package.bash'
[1.495s] INFO:colcon.colcon_core.shell:Creating package script '/home/ilyas-ourara/Bureau/Master/S2/Systèmes_Temps_Réel_et_Autonomes/Project/car_nav2_mecanum/install/car_nav2_mecanum/share/car_nav2_mecanum/package.zsh'
[1.498s] Level 1:colcon.colcon_core.environment:create_file_with_runtime_dependencies(/home/ilyas-ourara/Bureau/Master/S2/Systèmes_Temps_Réel_et_Autonomes/Project/car_nav2_mecanum/install/car_nav2_mecanum/share/colcon-core/packages/car_nav2_mecanum)
[1.510s] DEBUG:colcon.colcon_parallel_executor.executor.parallel:closing loop
[1.511s] DEBUG:colcon.colcon_parallel_executor.executor.parallel:loop closed
[1.511s] DEBUG:colcon.colcon_parallel_executor.executor.parallel:run_until_complete finished with '1'
[1.511s] DEBUG:colcon.colcon_core.event_reactor:joining thread
[1.543s] INFO:colcon.colcon_core.plugin_system:Skipping extension 'colcon_notification.desktop_notification.terminal_notifier': Not used on non-Darwin systems
[1.544s] INFO:colcon.colcon_core.plugin_system:Skipping extension 'colcon_notification.desktop_notification.win32': Not used on non-Windows systems
[1.544s] INFO:colcon.colcon_notification.desktop_notification:Sending desktop notification using 'notify2'
[1.636s] DEBUG:colcon.colcon_core.event_reactor:joined thread
[1.636s] INFO:colcon.colcon_core.shell:Creating prefix script '/home/ilyas-ourara/Bureau/Master/S2/Systèmes_Temps_Réel_et_Autonomes/Project/car_nav2_mecanum/install/local_setup.ps1'
[1.641s] INFO:colcon.colcon_core.shell:Creating prefix util module '/home/ilyas-ourara/Bureau/Master/S2/Systèmes_Temps_Réel_et_Autonomes/Project/car_nav2_mecanum/install/_local_setup_util_ps1.py'
[1.644s] INFO:colcon.colcon_core.shell:Creating prefix chain script '/home/ilyas-ourara/Bureau/Master/S2/Systèmes_Temps_Réel_et_Autonomes/Project/car_nav2_mecanum/install/setup.ps1'
[1.648s] INFO:colcon.colcon_core.shell:Creating prefix script '/home/ilyas-ourara/Bureau/Master/S2/Systèmes_Temps_Réel_et_Autonomes/Project/car_nav2_mecanum/install/local_setup.sh'
[1.649s] INFO:colcon.colcon_core.shell:Creating prefix util module '/home/ilyas-ourara/Bureau/Master/S2/Systèmes_Temps_Réel_et_Autonomes/Project/car_nav2_mecanum/install/_local_setup_util_sh.py'
[1.651s] INFO:colcon.colcon_core.shell:Creating prefix chain script '/home/ilyas-ourara/Bureau/Master/S2/Systèmes_Temps_Réel_et_Autonomes/Project/car_nav2_mecanum/install/setup.sh'
[1.656s] INFO:colcon.colcon_core.shell:Creating prefix script '/home/ilyas-ourara/Bureau/Master/S2/Systèmes_Temps_Réel_et_Autonomes/Project/car_nav2_mecanum/install/local_setup.bash'
[1.658s] INFO:colcon.colcon_core.shell:Creating prefix chain script '/home/ilyas-ourara/Bureau/Master/S2/Systèmes_Temps_Réel_et_Autonomes/Project/car_nav2_mecanum/install/setup.bash'
[1.661s] INFO:colcon.colcon_core.shell:Creating prefix script '/home/ilyas-ourara/Bureau/Master/S2/Systèmes_Temps_Réel_et_Autonomes/Project/car_nav2_mecanum/install/local_setup.zsh'
[1.663s] INFO:colcon.colcon_core.shell:Creating prefix chain script '/home/ilyas-ourara/Bureau/Master/S2/Systèmes_Temps_Réel_et_Autonomes/Project/car_nav2_mecanum/install/setup.zsh'
