[0.489s] DEBUG:colcon:Command line arguments: ['/usr/bin/colcon', 'list', '-p', '--base-paths', '/home/ilyas-ourara/Bureau/Master/S2/Systèmes_Temps_Réel_et_Autonomes/Project/car_nav2_mecanum']
[0.490s] DEBUG:colcon:Parsed command line arguments: Namespace(log_base=None, log_level=None, verb_name='list', build_base='build', ignore_user_meta=False, metas=['./colcon.meta'], base_paths=['/home/ilyas-ourara/Bureau/Master/S2/Systèmes_Temps_Réel_et_Autonomes/Project/car_nav2_mecanum'], packages_ignore=None, packages_ignore_regex=None, paths=None, packages_up_to=None, packages_up_to_regex=None, packages_above=None, packages_above_and_dependencies=None, packages_above_depth=None, packages_select_by_dep=None, packages_skip_by_dep=None, packages_skip_up_to=None, packages_select_build_failed=False, packages_skip_build_finished=False, packages_select_test_failures=False, packages_skip_test_passed=False, packages_select=None, packages_skip=None, packages_select_regex=None, packages_skip_regex=None, packages_start=None, packages_end=None, allow_overriding=[], topological_order=False, names_only=False, paths_only=True, topological_graph=False, topological_graph_dot=False, topological_graph_density=False, topological_graph_legend=False, topological_graph_dot_cluster=False, topological_graph_dot_include_skipped=False, mixin_files=None, mixin=None, verb_parser=<colcon_mixin.mixin.mixin_argument.MixinArgumentDecorator object at 0x7f464558c260>, verb_extension=<colcon_package_information.verb.list.ListVerb object at 0x7f464555b110>, main=<bound method ListVerb.main of <colcon_package_information.verb.list.ListVerb object at 0x7f464555b110>>, mixin_verb=('list',))
[0.635s] Level 1:colcon.colcon_core.package_discovery:discover_packages(colcon_meta) check parameters
[0.635s] Level 1:colcon.colcon_core.package_discovery:discover_packages(recursive) check parameters
[0.636s] Level 1:colcon.colcon_core.package_discovery:discover_packages(ignore) check parameters
[0.636s] Level 1:colcon.colcon_core.package_discovery:discover_packages(path) check parameters
[0.637s] Level 1:colcon.colcon_core.package_discovery:discover_packages(recursive) discover
[0.637s] INFO:colcon.colcon_core.package_discovery:Crawling recursively for packages in '/home/ilyas-ourara/Bureau/Master/S2/Systèmes_Temps_Réel_et_Autonomes/Project/car_nav2_mecanum'
[0.638s] Level 1:colcon.colcon_core.package_identification:_identify(/home/ilyas-ourara/Bureau/Master/S2/Systèmes_Temps_Réel_et_Autonomes/Project/car_nav2_mecanum) by extensions ['ignore', 'ignore_ament_install']
[0.639s] Level 1:colcon.colcon_core.package_identification:_identify(/home/ilyas-ourara/Bureau/Master/S2/Systèmes_Temps_Réel_et_Autonomes/Project/car_nav2_mecanum) by extension 'ignore'
[0.639s] Level 1:colcon.colcon_core.package_identification:_identify(/home/ilyas-ourara/Bureau/Master/S2/Systèmes_Temps_Réel_et_Autonomes/Project/car_nav2_mecanum) by extension 'ignore_ament_install'
[0.639s] Level 1:colcon.colcon_core.package_identification:_identify(/home/ilyas-ourara/Bureau/Master/S2/Systèmes_Temps_Réel_et_Autonomes/Project/car_nav2_mecanum) by extensions ['colcon_pkg']
[0.639s] Level 1:colcon.colcon_core.package_identification:_identify(/home/ilyas-ourara/Bureau/Master/S2/Systèmes_Temps_Réel_et_Autonomes/Project/car_nav2_mecanum) by extension 'colcon_pkg'
[0.640s] Level 1:colcon.colcon_core.package_identification:_identify(/home/ilyas-ourara/Bureau/Master/S2/Systèmes_Temps_Réel_et_Autonomes/Project/car_nav2_mecanum) by extensions ['colcon_meta']
[0.640s] Level 1:colcon.colcon_core.package_identification:_identify(/home/ilyas-ourara/Bureau/Master/S2/Systèmes_Temps_Réel_et_Autonomes/Project/car_nav2_mecanum) by extension 'colcon_meta'
[0.640s] Level 1:colcon.colcon_core.package_identification:_identify(/home/ilyas-ourara/Bureau/Master/S2/Systèmes_Temps_Réel_et_Autonomes/Project/car_nav2_mecanum) by extensions ['ros']
[0.640s] Level 1:colcon.colcon_core.package_identification:_identify(/home/ilyas-ourara/Bureau/Master/S2/Systèmes_Temps_Réel_et_Autonomes/Project/car_nav2_mecanum) by extension 'ros'
[0.736s] Level 1:colcon.colcon_core.package_identification:_identify(/home/ilyas-ourara/Bureau/Master/S2/Systèmes_Temps_Réel_et_Autonomes/Project/car_nav2_mecanum) by extensions ['cmake', 'python']
[0.736s] Level 1:colcon.colcon_core.package_identification:_identify(/home/ilyas-ourara/Bureau/Master/S2/Systèmes_Temps_Réel_et_Autonomes/Project/car_nav2_mecanum) by extension 'cmake'
[0.736s] Level 1:colcon.colcon_core.package_identification:_identify(/home/ilyas-ourara/Bureau/Master/S2/Systèmes_Temps_Réel_et_Autonomes/Project/car_nav2_mecanum) by extension 'python'
[0.737s] Level 1:colcon.colcon_core.package_identification:_identify(/home/ilyas-ourara/Bureau/Master/S2/Systèmes_Temps_Réel_et_Autonomes/Project/car_nav2_mecanum) by extensions ['python_setup_py']
[0.737s] Level 1:colcon.colcon_core.package_identification:_identify(/home/ilyas-ourara/Bureau/Master/S2/Systèmes_Temps_Réel_et_Autonomes/Project/car_nav2_mecanum) by extension 'python_setup_py'
[0.737s] Level 1:colcon.colcon_core.package_identification:_identify(/home/ilyas-ourara/Bureau/Master/S2/Systèmes_Temps_Réel_et_Autonomes/Project/car_nav2_mecanum/build) by extensions ['ignore', 'ignore_ament_install']
[0.737s] Level 1:colcon.colcon_core.package_identification:_identify(/home/ilyas-ourara/Bureau/Master/S2/Systèmes_Temps_Réel_et_Autonomes/Project/car_nav2_mecanum/build) by extension 'ignore'
[0.738s] Level 1:colcon.colcon_core.package_identification:_identify(/home/ilyas-ourara/Bureau/Master/S2/Systèmes_Temps_Réel_et_Autonomes/Project/car_nav2_mecanum/build) ignored
[0.738s] Level 1:colcon.colcon_core.package_identification:_identify(/home/ilyas-ourara/Bureau/Master/S2/Systèmes_Temps_Réel_et_Autonomes/Project/car_nav2_mecanum/install) by extensions ['ignore', 'ignore_ament_install']
[0.738s] Level 1:colcon.colcon_core.package_identification:_identify(/home/ilyas-ourara/Bureau/Master/S2/Systèmes_Temps_Réel_et_Autonomes/Project/car_nav2_mecanum/install) by extension 'ignore'
[0.738s] Level 1:colcon.colcon_core.package_identification:_identify(/home/ilyas-ourara/Bureau/Master/S2/Systèmes_Temps_Réel_et_Autonomes/Project/car_nav2_mecanum/install) ignored
[0.739s] Level 1:colcon.colcon_core.package_identification:_identify(/home/ilyas-ourara/Bureau/Master/S2/Systèmes_Temps_Réel_et_Autonomes/Project/car_nav2_mecanum/log) by extensions ['ignore', 'ignore_ament_install']
[0.739s] Level 1:colcon.colcon_core.package_identification:_identify(/home/ilyas-ourara/Bureau/Master/S2/Systèmes_Temps_Réel_et_Autonomes/Project/car_nav2_mecanum/log) by extension 'ignore'
[0.739s] Level 1:colcon.colcon_core.package_identification:_identify(/home/ilyas-ourara/Bureau/Master/S2/Systèmes_Temps_Réel_et_Autonomes/Project/car_nav2_mecanum/log) ignored
[0.740s] Level 1:colcon.colcon_core.package_identification:_identify(/home/ilyas-ourara/Bureau/Master/S2/Systèmes_Temps_Réel_et_Autonomes/Project/car_nav2_mecanum/src) by extensions ['ignore', 'ignore_ament_install']
[0.740s] Level 1:colcon.colcon_core.package_identification:_identify(/home/ilyas-ourara/Bureau/Master/S2/Systèmes_Temps_Réel_et_Autonomes/Project/car_nav2_mecanum/src) by extension 'ignore'
[0.740s] Level 1:colcon.colcon_core.package_identification:_identify(/home/ilyas-ourara/Bureau/Master/S2/Systèmes_Temps_Réel_et_Autonomes/Project/car_nav2_mecanum/src) by extension 'ignore_ament_install'
[0.740s] Level 1:colcon.colcon_core.package_identification:_identify(/home/ilyas-ourara/Bureau/Master/S2/Systèmes_Temps_Réel_et_Autonomes/Project/car_nav2_mecanum/src) by extensions ['colcon_pkg']
[0.741s] Level 1:colcon.colcon_core.package_identification:_identify(/home/ilyas-ourara/Bureau/Master/S2/Systèmes_Temps_Réel_et_Autonomes/Project/car_nav2_mecanum/src) by extension 'colcon_pkg'
[0.741s] Level 1:colcon.colcon_core.package_identification:_identify(/home/ilyas-ourara/Bureau/Master/S2/Systèmes_Temps_Réel_et_Autonomes/Project/car_nav2_mecanum/src) by extensions ['colcon_meta']
[0.741s] Level 1:colcon.colcon_core.package_identification:_identify(/home/ilyas-ourara/Bureau/Master/S2/Systèmes_Temps_Réel_et_Autonomes/Project/car_nav2_mecanum/src) by extension 'colcon_meta'
[0.741s] Level 1:colcon.colcon_core.package_identification:_identify(/home/ilyas-ourara/Bureau/Master/S2/Systèmes_Temps_Réel_et_Autonomes/Project/car_nav2_mecanum/src) by extensions ['ros']
[0.741s] Level 1:colcon.colcon_core.package_identification:_identify(/home/ilyas-ourara/Bureau/Master/S2/Systèmes_Temps_Réel_et_Autonomes/Project/car_nav2_mecanum/src) by extension 'ros'
[0.748s] DEBUG:colcon.colcon_core.package_identification:Package '/home/ilyas-ourara/Bureau/Master/S2/Systèmes_Temps_Réel_et_Autonomes/Project/car_nav2_mecanum/src' with type 'ros.ament_cmake' and name 'car_nav2_mecanum'
[0.748s] Level 1:colcon.colcon_core.package_discovery:discover_packages(recursive) using defaults
