-- The C compiler identification is GNU 13.3.0
-- The CXX compiler identification is GNU 13.3.0
-- Detecting C compiler ABI info
-- Detecting C compiler ABI info - done
-- Check for working C compiler: /usr/bin/cc - skipped
-- Detecting C compile features
-- Detecting C compile features - done
-- Detecting CXX compiler ABI info
-- Detecting CXX compiler ABI info - done
-- Check for working CXX compiler: /usr/bin/c++ - skipped
-- Detecting CXX compile features
-- Detecting CXX compile features - done
-- Found ament_cmake: 2.5.3 (/opt/ros/jazzy/share/ament_cmake/cmake)
-- Found Python3: /usr/bin/python3 (found version "3.12.3") found components: Interpreter 
-- Override CMake install command with custom implementation using symlinks instead of copying resources
-- Found ament_lint_auto: 0.17.1 (/opt/ros/jazzy/share/ament_lint_auto/cmake)
-- Added test 'flake8' to check Python code syntax and style conventions
-- Configured 'flake8' exclude dirs and/or files: 
-- Added test 'lint_cmake' to check CMake code style
-- Added test 'pep257' to check Python code against some of the docstring style conventions in PEP 257
-- Added test 'xmllint' to check XML markup files
-- Configuring done (1.9s)
-- Generating done (0.0s)
-- Build files have been written to: /home/ilyas-ourara/Bureau/Master/S2/Systèmes_Temps_Réel_et_Autonomes/Project/build/car_nav2_mecanum
-- Install configuration: ""
-- Execute custom install script
-- Symlinking: /home/ilyas-ourara/Bureau/Master/S2/Systèmes_Temps_Réel_et_Autonomes/Project/install/car_nav2_mecanum/share/car_nav2_mecanum/launch/navigation_with_slam.launch.py
-- Symlinking: /home/ilyas-ourara/Bureau/Master/S2/Systèmes_Temps_Réel_et_Autonomes/Project/install/car_nav2_mecanum/share/car_nav2_mecanum/launch/spawn_robot.launch.py
-- Symlinking: /home/ilyas-ourara/Bureau/Master/S2/Systèmes_Temps_Réel_et_Autonomes/Project/install/car_nav2_mecanum/share/car_nav2_mecanum/launch/world.launch.py
-- Symlinking: /home/ilyas-ourara/Bureau/Master/S2/Systèmes_Temps_Réel_et_Autonomes/Project/install/car_nav2_mecanum/share/car_nav2_mecanum/worlds/home.sdf
-- Symlinking: /home/ilyas-ourara/Bureau/Master/S2/Systèmes_Temps_Réel_et_Autonomes/Project/install/car_nav2_mecanum/share/car_nav2_mecanum/rviz/navigation.rviz
-- Symlinking: /home/ilyas-ourara/Bureau/Master/S2/Systèmes_Temps_Réel_et_Autonomes/Project/install/car_nav2_mecanum/share/car_nav2_mecanum/urdf/materials.xacro
-- Symlinking: /home/ilyas-ourara/Bureau/Master/S2/Systèmes_Temps_Réel_et_Autonomes/Project/install/car_nav2_mecanum/share/car_nav2_mecanum/urdf/mycar.gazebo
-- Symlinking: /home/ilyas-ourara/Bureau/Master/S2/Systèmes_Temps_Réel_et_Autonomes/Project/install/car_nav2_mecanum/share/car_nav2_mecanum/urdf/mycar.urdf
-- Symlinking: /home/ilyas-ourara/Bureau/Master/S2/Systèmes_Temps_Réel_et_Autonomes/Project/install/car_nav2_mecanum/share/car_nav2_mecanum/meshes/lidar.dae
-- Symlinking: /home/ilyas-ourara/Bureau/Master/S2/Systèmes_Temps_Réel_et_Autonomes/Project/install/car_nav2_mecanum/share/car_nav2_mecanum/meshes/mecanum_wheel_left.STL
-- Symlinking: /home/ilyas-ourara/Bureau/Master/S2/Systèmes_Temps_Réel_et_Autonomes/Project/install/car_nav2_mecanum/share/car_nav2_mecanum/meshes/mecanum_wheel_right.STL
-- Symlinking: /home/ilyas-ourara/Bureau/Master/S2/Systèmes_Temps_Réel_et_Autonomes/Project/install/car_nav2_mecanum/share/car_nav2_mecanum/meshes/mycar.dae
-- Symlinking: /home/ilyas-ourara/Bureau/Master/S2/Systèmes_Temps_Réel_et_Autonomes/Project/install/car_nav2_mecanum/share/car_nav2_mecanum/meshes/wheel.dae
-- Symlinking: /home/ilyas-ourara/Bureau/Master/S2/Systèmes_Temps_Réel_et_Autonomes/Project/install/car_nav2_mecanum/share/car_nav2_mecanum/config/ekf.yaml
-- Symlinking: /home/ilyas-ourara/Bureau/Master/S2/Systèmes_Temps_Réel_et_Autonomes/Project/install/car_nav2_mecanum/share/car_nav2_mecanum/config/gz_bridge.yaml
-- Symlinking: /home/ilyas-ourara/Bureau/Master/S2/Systèmes_Temps_Réel_et_Autonomes/Project/install/car_nav2_mecanum/share/car_nav2_mecanum/config/navigation.yaml
-- Symlinking: /home/ilyas-ourara/Bureau/Master/S2/Systèmes_Temps_Réel_et_Autonomes/Project/install/car_nav2_mecanum/share/car_nav2_mecanum/config/slam_toolbox_mapping.yaml
-- Symlinking: /home/ilyas-ourara/Bureau/Master/S2/Systèmes_Temps_Réel_et_Autonomes/Project/install/car_nav2_mecanum/share/ament_index/resource_index/package_run_dependencies/car_nav2_mecanum
-- Symlinking: /home/ilyas-ourara/Bureau/Master/S2/Systèmes_Temps_Réel_et_Autonomes/Project/install/car_nav2_mecanum/share/ament_index/resource_index/parent_prefix_path/car_nav2_mecanum
-- Symlinking: /home/ilyas-ourara/Bureau/Master/S2/Systèmes_Temps_Réel_et_Autonomes/Project/install/car_nav2_mecanum/share/car_nav2_mecanum/environment/ament_prefix_path.sh
-- Symlinking: /home/ilyas-ourara/Bureau/Master/S2/Systèmes_Temps_Réel_et_Autonomes/Project/install/car_nav2_mecanum/share/car_nav2_mecanum/environment/ament_prefix_path.dsv
-- Symlinking: /home/ilyas-ourara/Bureau/Master/S2/Systèmes_Temps_Réel_et_Autonomes/Project/install/car_nav2_mecanum/share/car_nav2_mecanum/environment/path.sh
-- Symlinking: /home/ilyas-ourara/Bureau/Master/S2/Systèmes_Temps_Réel_et_Autonomes/Project/install/car_nav2_mecanum/share/car_nav2_mecanum/environment/path.dsv
-- Symlinking: /home/ilyas-ourara/Bureau/Master/S2/Systèmes_Temps_Réel_et_Autonomes/Project/install/car_nav2_mecanum/share/car_nav2_mecanum/local_setup.bash
-- Symlinking: /home/ilyas-ourara/Bureau/Master/S2/Systèmes_Temps_Réel_et_Autonomes/Project/install/car_nav2_mecanum/share/car_nav2_mecanum/local_setup.sh
-- Symlinking: /home/ilyas-ourara/Bureau/Master/S2/Systèmes_Temps_Réel_et_Autonomes/Project/install/car_nav2_mecanum/share/car_nav2_mecanum/local_setup.zsh
-- Symlinking: /home/ilyas-ourara/Bureau/Master/S2/Systèmes_Temps_Réel_et_Autonomes/Project/install/car_nav2_mecanum/share/car_nav2_mecanum/local_setup.dsv
-- Symlinking: /home/ilyas-ourara/Bureau/Master/S2/Systèmes_Temps_Réel_et_Autonomes/Project/install/car_nav2_mecanum/share/car_nav2_mecanum/package.dsv
-- Symlinking: /home/ilyas-ourara/Bureau/Master/S2/Systèmes_Temps_Réel_et_Autonomes/Project/install/car_nav2_mecanum/share/ament_index/resource_index/packages/car_nav2_mecanum
-- Symlinking: /home/ilyas-ourara/Bureau/Master/S2/Systèmes_Temps_Réel_et_Autonomes/Project/install/car_nav2_mecanum/share/car_nav2_mecanum/cmake/car_nav2_mecanumConfig.cmake
-- Symlinking: /home/ilyas-ourara/Bureau/Master/S2/Systèmes_Temps_Réel_et_Autonomes/Project/install/car_nav2_mecanum/share/car_nav2_mecanum/cmake/car_nav2_mecanumConfig-version.cmake
-- Symlinking: /home/ilyas-ourara/Bureau/Master/S2/Systèmes_Temps_Réel_et_Autonomes/Project/install/car_nav2_mecanum/share/car_nav2_mecanum/package.xml
