[0.212s] DEBUG:colcon:Command line arguments: ['/usr/bin/colcon', 'build', '--symlink-install']
[0.212s] DEBUG:colcon:Parsed command line arguments: Namespace(log_base=None, log_level=None, verb_name='build', build_base='build', install_base='install', merge_install=False, symlink_install=True, test_result_base=None, continue_on_error=False, executor='parallel', parallel_workers=4, event_handlers=None, ignore_user_meta=False, metas=['./colcon.meta'], base_paths=['.'], packages_ignore=None, packages_ignore_regex=None, paths=None, packages_up_to=None, packages_up_to_regex=None, packages_above=None, packages_above_and_dependencies=None, packages_above_depth=None, packages_select_by_dep=None, packages_skip_by_dep=None, packages_skip_up_to=None, packages_select_build_failed=False, packages_skip_build_finished=False, packages_select_test_failures=False, packages_skip_test_passed=False, packages_select=None, packages_skip=None, packages_select_regex=None, packages_skip_regex=None, packages_start=None, packages_end=None, allow_overriding=[], cmake_args=None, cmake_target=None, cmake_target_skip_unavailable=False, cmake_clean_cache=False, cmake_clean_first=False, cmake_force_configure=False, ament_cmake_args=None, catkin_cmake_args=None, catkin_skip_building_tests=False, mixin_files=None, mixin=None, verb_parser=<colcon_mixin.mixin.mixin_argument.MixinArgumentDecorator object at 0x7c448e463200>, verb_extension=<colcon_core.verb.build.BuildVerb object at 0x7c448e5d6fc0>, main=<bound method BuildVerb.main of <colcon_core.verb.build.BuildVerb object at 0x7c448e5d6fc0>>, mixin_verb=('build',))
[0.283s] Level 1:colcon.colcon_core.package_discovery:discover_packages(colcon_meta) check parameters
[0.284s] Level 1:colcon.colcon_core.package_discovery:discover_packages(recursive) check parameters
[0.284s] Level 1:colcon.colcon_core.package_discovery:discover_packages(ignore) check parameters
[0.284s] Level 1:colcon.colcon_core.package_discovery:discover_packages(path) check parameters
[0.284s] Level 1:colcon.colcon_core.package_discovery:discover_packages(colcon_meta) discover
[0.284s] Level 1:colcon.colcon_core.package_discovery:discover_packages(recursive) discover
[0.284s] INFO:colcon.colcon_core.package_discovery:Crawling recursively for packages in '/home/ilyas-ourara/Bureau/Master/S2/Systèmes_Temps_Réel_et_Autonomes/Project'
[0.284s] Level 1:colcon.colcon_core.package_identification:_identify(.) by extensions ['ignore', 'ignore_ament_install']
[0.284s] Level 1:colcon.colcon_core.package_identification:_identify(.) by extension 'ignore'
[0.284s] Level 1:colcon.colcon_core.package_identification:_identify(.) by extension 'ignore_ament_install'
[0.285s] Level 1:colcon.colcon_core.package_identification:_identify(.) by extensions ['colcon_pkg']
[0.285s] Level 1:colcon.colcon_core.package_identification:_identify(.) by extension 'colcon_pkg'
[0.285s] Level 1:colcon.colcon_core.package_identification:_identify(.) by extensions ['colcon_meta']
[0.285s] Level 1:colcon.colcon_core.package_identification:_identify(.) by extension 'colcon_meta'
[0.285s] Level 1:colcon.colcon_core.package_identification:_identify(.) by extensions ['ros']
[0.285s] Level 1:colcon.colcon_core.package_identification:_identify(.) by extension 'ros'
[0.364s] Level 1:colcon.colcon_core.package_identification:_identify(.) by extensions ['cmake', 'python']
[0.365s] Level 1:colcon.colcon_core.package_identification:_identify(.) by extension 'cmake'
[0.365s] Level 1:colcon.colcon_core.package_identification:_identify(.) by extension 'python'
[0.365s] Level 1:colcon.colcon_core.package_identification:_identify(.) by extensions ['python_setup_py']
[0.365s] Level 1:colcon.colcon_core.package_identification:_identify(.) by extension 'python_setup_py'
[0.365s] Level 1:colcon.colcon_core.package_identification:_identify(build) by extensions ['ignore', 'ignore_ament_install']
[0.365s] Level 1:colcon.colcon_core.package_identification:_identify(build) by extension 'ignore'
[0.366s] Level 1:colcon.colcon_core.package_identification:_identify(build) ignored
[0.366s] Level 1:colcon.colcon_core.package_identification:_identify(car_nav2_mecanum) by extensions ['ignore', 'ignore_ament_install']
[0.366s] Level 1:colcon.colcon_core.package_identification:_identify(car_nav2_mecanum) by extension 'ignore'
[0.366s] Level 1:colcon.colcon_core.package_identification:_identify(car_nav2_mecanum) by extension 'ignore_ament_install'
[0.367s] Level 1:colcon.colcon_core.package_identification:_identify(car_nav2_mecanum) by extensions ['colcon_pkg']
[0.367s] Level 1:colcon.colcon_core.package_identification:_identify(car_nav2_mecanum) by extension 'colcon_pkg'
[0.367s] Level 1:colcon.colcon_core.package_identification:_identify(car_nav2_mecanum) by extensions ['colcon_meta']
[0.367s] Level 1:colcon.colcon_core.package_identification:_identify(car_nav2_mecanum) by extension 'colcon_meta'
[0.367s] Level 1:colcon.colcon_core.package_identification:_identify(car_nav2_mecanum) by extensions ['ros']
[0.367s] Level 1:colcon.colcon_core.package_identification:_identify(car_nav2_mecanum) by extension 'ros'
[0.367s] Level 1:colcon.colcon_core.package_identification:_identify(car_nav2_mecanum) by extensions ['cmake', 'python']
[0.367s] Level 1:colcon.colcon_core.package_identification:_identify(car_nav2_mecanum) by extension 'cmake'
[0.368s] Level 1:colcon.colcon_core.package_identification:_identify(car_nav2_mecanum) by extension 'python'
[0.368s] Level 1:colcon.colcon_core.package_identification:_identify(car_nav2_mecanum) by extensions ['python_setup_py']
[0.368s] Level 1:colcon.colcon_core.package_identification:_identify(car_nav2_mecanum) by extension 'python_setup_py'
[0.368s] Level 1:colcon.colcon_core.package_identification:_identify(car_nav2_mecanum/build) by extensions ['ignore', 'ignore_ament_install']
[0.368s] Level 1:colcon.colcon_core.package_identification:_identify(car_nav2_mecanum/build) by extension 'ignore'
[0.369s] Level 1:colcon.colcon_core.package_identification:_identify(car_nav2_mecanum/build) ignored
[0.369s] Level 1:colcon.colcon_core.package_identification:_identify(car_nav2_mecanum/install) by extensions ['ignore', 'ignore_ament_install']
[0.369s] Level 1:colcon.colcon_core.package_identification:_identify(car_nav2_mecanum/install) by extension 'ignore'
[0.369s] Level 1:colcon.colcon_core.package_identification:_identify(car_nav2_mecanum/install) ignored
[0.369s] Level 1:colcon.colcon_core.package_identification:_identify(car_nav2_mecanum/log) by extensions ['ignore', 'ignore_ament_install']
[0.370s] Level 1:colcon.colcon_core.package_identification:_identify(car_nav2_mecanum/log) by extension 'ignore'
[0.370s] Level 1:colcon.colcon_core.package_identification:_identify(car_nav2_mecanum/log) ignored
[0.370s] Level 1:colcon.colcon_core.package_identification:_identify(car_nav2_mecanum/src) by extensions ['ignore', 'ignore_ament_install']
[0.370s] Level 1:colcon.colcon_core.package_identification:_identify(car_nav2_mecanum/src) by extension 'ignore'
[0.371s] Level 1:colcon.colcon_core.package_identification:_identify(car_nav2_mecanum/src) by extension 'ignore_ament_install'
[0.371s] Level 1:colcon.colcon_core.package_identification:_identify(car_nav2_mecanum/src) by extensions ['colcon_pkg']
[0.371s] Level 1:colcon.colcon_core.package_identification:_identify(car_nav2_mecanum/src) by extension 'colcon_pkg'
[0.371s] Level 1:colcon.colcon_core.package_identification:_identify(car_nav2_mecanum/src) by extensions ['colcon_meta']
[0.371s] Level 1:colcon.colcon_core.package_identification:_identify(car_nav2_mecanum/src) by extension 'colcon_meta'
[0.371s] Level 1:colcon.colcon_core.package_identification:_identify(car_nav2_mecanum/src) by extensions ['ros']
[0.371s] Level 1:colcon.colcon_core.package_identification:_identify(car_nav2_mecanum/src) by extension 'ros'
[0.378s] DEBUG:colcon.colcon_core.package_identification:Package 'car_nav2_mecanum/src' with type 'ros.ament_cmake' and name 'car_nav2_mecanum'
[0.378s] Level 1:colcon.colcon_core.package_identification:_identify(install) by extensions ['ignore', 'ignore_ament_install']
[0.378s] Level 1:colcon.colcon_core.package_identification:_identify(install) by extension 'ignore'
[0.378s] Level 1:colcon.colcon_core.package_identification:_identify(install) ignored
[0.379s] Level 1:colcon.colcon_core.package_identification:_identify(log) by extensions ['ignore', 'ignore_ament_install']
[0.379s] Level 1:colcon.colcon_core.package_identification:_identify(log) by extension 'ignore'
[0.379s] Level 1:colcon.colcon_core.package_identification:_identify(log) ignored
[0.379s] Level 1:colcon.colcon_core.package_discovery:discover_packages(recursive) using defaults
[0.379s] Level 1:colcon.colcon_core.package_discovery:discover_packages(ignore) discover
[0.379s] Level 1:colcon.colcon_core.package_discovery:discover_packages(ignore) using defaults
[0.379s] Level 1:colcon.colcon_core.package_discovery:discover_packages(path) discover
[0.379s] Level 1:colcon.colcon_core.package_discovery:discover_packages(path) using defaults
[0.426s] Level 1:colcon.colcon_core.package_discovery:discover_packages(prefix_path) check parameters
[0.426s] Level 1:colcon.colcon_core.package_discovery:discover_packages(prefix_path) discover
[0.431s] DEBUG:colcon.colcon_installed_package_information.package_discovery:Found 340 installed packages in /opt/ros/jazzy
[0.434s] Level 1:colcon.colcon_core.package_discovery:discover_packages(prefix_path) using defaults
[0.520s] Level 5:colcon.colcon_core.verb:set package 'car_nav2_mecanum' build argument 'cmake_args' from command line to 'None'
[0.520s] Level 5:colcon.colcon_core.verb:set package 'car_nav2_mecanum' build argument 'cmake_target' from command line to 'None'
[0.520s] Level 5:colcon.colcon_core.verb:set package 'car_nav2_mecanum' build argument 'cmake_target_skip_unavailable' from command line to 'False'
[0.520s] Level 5:colcon.colcon_core.verb:set package 'car_nav2_mecanum' build argument 'cmake_clean_cache' from command line to 'False'
[0.520s] Level 5:colcon.colcon_core.verb:set package 'car_nav2_mecanum' build argument 'cmake_clean_first' from command line to 'False'
[0.520s] Level 5:colcon.colcon_core.verb:set package 'car_nav2_mecanum' build argument 'cmake_force_configure' from command line to 'False'
[0.520s] Level 5:colcon.colcon_core.verb:set package 'car_nav2_mecanum' build argument 'ament_cmake_args' from command line to 'None'
[0.520s] Level 5:colcon.colcon_core.verb:set package 'car_nav2_mecanum' build argument 'catkin_cmake_args' from command line to 'None'
[0.520s] Level 5:colcon.colcon_core.verb:set package 'car_nav2_mecanum' build argument 'catkin_skip_building_tests' from command line to 'False'
[0.520s] DEBUG:colcon.colcon_core.verb:Building package 'car_nav2_mecanum' with the following arguments: {'ament_cmake_args': None, 'build_base': '/home/ilyas-ourara/Bureau/Master/S2/Systèmes_Temps_Réel_et_Autonomes/Project/build/car_nav2_mecanum', 'catkin_cmake_args': None, 'catkin_skip_building_tests': False, 'cmake_args': None, 'cmake_clean_cache': False, 'cmake_clean_first': False, 'cmake_force_configure': False, 'cmake_target': None, 'cmake_target_skip_unavailable': False, 'install_base': '/home/ilyas-ourara/Bureau/Master/S2/Systèmes_Temps_Réel_et_Autonomes/Project/install/car_nav2_mecanum', 'merge_install': False, 'path': '/home/ilyas-ourara/Bureau/Master/S2/Systèmes_Temps_Réel_et_Autonomes/Project/car_nav2_mecanum/src', 'symlink_install': True, 'test_result_base': None}
[0.520s] INFO:colcon.colcon_core.executor:Executing jobs using 'parallel' executor
[0.521s] DEBUG:colcon.colcon_parallel_executor.executor.parallel:run_until_complete
[0.522s] INFO:colcon.colcon_ros.task.ament_cmake.build:Building ROS package in '/home/ilyas-ourara/Bureau/Master/S2/Systèmes_Temps_Réel_et_Autonomes/Project/car_nav2_mecanum/src' with build type 'ament_cmake'
[0.522s] INFO:colcon.colcon_cmake.task.cmake.build:Building CMake package in '/home/ilyas-ourara/Bureau/Master/S2/Systèmes_Temps_Réel_et_Autonomes/Project/car_nav2_mecanum/src'
[0.527s] INFO:colcon.colcon_core.plugin_system:Skipping extension 'colcon_core.shell.bat': Not used on non-Windows systems
[0.528s] INFO:colcon.colcon_core.shell:Skip shell extension 'powershell' for command environment: Not usable outside of PowerShell
[0.528s] DEBUG:colcon.colcon_core.shell:Skip shell extension 'dsv' for command environment
[0.541s] DEBUG:colcon.colcon_core.event_handler.log_command:Invoking command in '/home/ilyas-ourara/Bureau/Master/S2/Systèmes_Temps_Réel_et_Autonomes/Project/build/car_nav2_mecanum': CMAKE_PREFIX_PATH=${CMAKE_PREFIX_PATH}:/opt/ros/jazzy DEBUGINFOD_URLS=https://debuginfod.ubuntu.com /usr/bin/cmake /home/ilyas-ourara/Bureau/Master/S2/Systèmes_Temps_Réel_et_Autonomes/Project/car_nav2_mecanum/src -DAMENT_CMAKE_SYMLINK_INSTALL=1 -DCMAKE_INSTALL_PREFIX=/home/ilyas-ourara/Bureau/Master/S2/Systèmes_Temps_Réel_et_Autonomes/Project/install/car_nav2_mecanum
[2.523s] DEBUG:colcon.colcon_core.event_handler.log_command:Invoked command in '/home/ilyas-ourara/Bureau/Master/S2/Systèmes_Temps_Réel_et_Autonomes/Project/build/car_nav2_mecanum' returned '0': CMAKE_PREFIX_PATH=${CMAKE_PREFIX_PATH}:/opt/ros/jazzy DEBUGINFOD_URLS=https://debuginfod.ubuntu.com /usr/bin/cmake /home/ilyas-ourara/Bureau/Master/S2/Systèmes_Temps_Réel_et_Autonomes/Project/car_nav2_mecanum/src -DAMENT_CMAKE_SYMLINK_INSTALL=1 -DCMAKE_INSTALL_PREFIX=/home/ilyas-ourara/Bureau/Master/S2/Systèmes_Temps_Réel_et_Autonomes/Project/install/car_nav2_mecanum
[2.526s] DEBUG:colcon.colcon_core.event_handler.log_command:Invoking command in '/home/ilyas-ourara/Bureau/Master/S2/Systèmes_Temps_Réel_et_Autonomes/Project/build/car_nav2_mecanum': CMAKE_PREFIX_PATH=${CMAKE_PREFIX_PATH}:/opt/ros/jazzy DEBUGINFOD_URLS=https://debuginfod.ubuntu.com /usr/bin/cmake --build /home/ilyas-ourara/Bureau/Master/S2/Systèmes_Temps_Réel_et_Autonomes/Project/build/car_nav2_mecanum -- -j4 -l4
[2.610s] DEBUG:colcon.colcon_core.event_handler.log_command:Invoked command in '/home/ilyas-ourara/Bureau/Master/S2/Systèmes_Temps_Réel_et_Autonomes/Project/build/car_nav2_mecanum' returned '0': CMAKE_PREFIX_PATH=${CMAKE_PREFIX_PATH}:/opt/ros/jazzy DEBUGINFOD_URLS=https://debuginfod.ubuntu.com /usr/bin/cmake --build /home/ilyas-ourara/Bureau/Master/S2/Systèmes_Temps_Réel_et_Autonomes/Project/build/car_nav2_mecanum -- -j4 -l4
[2.633s] DEBUG:colcon.colcon_core.event_handler.log_command:Invoking command in '/home/ilyas-ourara/Bureau/Master/S2/Systèmes_Temps_Réel_et_Autonomes/Project/build/car_nav2_mecanum': CMAKE_PREFIX_PATH=${CMAKE_PREFIX_PATH}:/opt/ros/jazzy DEBUGINFOD_URLS=https://debuginfod.ubuntu.com /usr/bin/cmake --install /home/ilyas-ourara/Bureau/Master/S2/Systèmes_Temps_Réel_et_Autonomes/Project/build/car_nav2_mecanum
[3.271s] Level 1:colcon.colcon_core.environment:create_environment_scripts_only(car_nav2_mecanum)
[3.272s] DEBUG:colcon.colcon_core.event_handler.log_command:Invoked command in '/home/ilyas-ourara/Bureau/Master/S2/Systèmes_Temps_Réel_et_Autonomes/Project/build/car_nav2_mecanum' returned '0': CMAKE_PREFIX_PATH=${CMAKE_PREFIX_PATH}:/opt/ros/jazzy DEBUGINFOD_URLS=https://debuginfod.ubuntu.com /usr/bin/cmake --install /home/ilyas-ourara/Bureau/Master/S2/Systèmes_Temps_Réel_et_Autonomes/Project/build/car_nav2_mecanum
[3.275s] Level 1:colcon.colcon_core.environment:checking '/home/ilyas-ourara/Bureau/Master/S2/Systèmes_Temps_Réel_et_Autonomes/Project/install/car_nav2_mecanum' for CMake module files
[3.276s] Level 1:colcon.colcon_core.environment:checking '/home/ilyas-ourara/Bureau/Master/S2/Systèmes_Temps_Réel_et_Autonomes/Project/install/car_nav2_mecanum' for CMake config files
[3.277s] Level 1:colcon.colcon_core.shell:create_environment_hook('car_nav2_mecanum', 'cmake_prefix_path')
[3.277s] INFO:colcon.colcon_core.shell:Creating environment hook '/home/ilyas-ourara/Bureau/Master/S2/Systèmes_Temps_Réel_et_Autonomes/Project/install/car_nav2_mecanum/share/car_nav2_mecanum/hook/cmake_prefix_path.ps1'
[3.285s] INFO:colcon.colcon_core.shell:Creating environment descriptor '/home/ilyas-ourara/Bureau/Master/S2/Systèmes_Temps_Réel_et_Autonomes/Project/install/car_nav2_mecanum/share/car_nav2_mecanum/hook/cmake_prefix_path.dsv'
[3.286s] INFO:colcon.colcon_core.shell:Creating environment hook '/home/ilyas-ourara/Bureau/Master/S2/Systèmes_Temps_Réel_et_Autonomes/Project/install/car_nav2_mecanum/share/car_nav2_mecanum/hook/cmake_prefix_path.sh'
[3.288s] Level 1:colcon.colcon_core.environment:checking '/home/ilyas-ourara/Bureau/Master/S2/Systèmes_Temps_Réel_et_Autonomes/Project/install/car_nav2_mecanum/bin'
[3.288s] Level 1:colcon.colcon_core.environment:checking '/home/ilyas-ourara/Bureau/Master/S2/Systèmes_Temps_Réel_et_Autonomes/Project/install/car_nav2_mecanum/lib/pkgconfig/car_nav2_mecanum.pc'
[3.288s] Level 1:colcon.colcon_core.environment:checking '/home/ilyas-ourara/Bureau/Master/S2/Systèmes_Temps_Réel_et_Autonomes/Project/install/car_nav2_mecanum/lib/python3.12/site-packages'
[3.289s] Level 1:colcon.colcon_core.environment:checking '/home/ilyas-ourara/Bureau/Master/S2/Systèmes_Temps_Réel_et_Autonomes/Project/install/car_nav2_mecanum/bin'
[3.289s] INFO:colcon.colcon_core.shell:Creating package script '/home/ilyas-ourara/Bureau/Master/S2/Systèmes_Temps_Réel_et_Autonomes/Project/install/car_nav2_mecanum/share/car_nav2_mecanum/package.ps1'
[3.290s] INFO:colcon.colcon_core.shell:Creating package descriptor '/home/ilyas-ourara/Bureau/Master/S2/Systèmes_Temps_Réel_et_Autonomes/Project/install/car_nav2_mecanum/share/car_nav2_mecanum/package.dsv'
[3.291s] INFO:colcon.colcon_core.shell:Creating package script '/home/ilyas-ourara/Bureau/Master/S2/Systèmes_Temps_Réel_et_Autonomes/Project/install/car_nav2_mecanum/share/car_nav2_mecanum/package.sh'
[3.292s] INFO:colcon.colcon_core.shell:Creating package script '/home/ilyas-ourara/Bureau/Master/S2/Systèmes_Temps_Réel_et_Autonomes/Project/install/car_nav2_mecanum/share/car_nav2_mecanum/package.bash'
[3.293s] INFO:colcon.colcon_core.shell:Creating package script '/home/ilyas-ourara/Bureau/Master/S2/Systèmes_Temps_Réel_et_Autonomes/Project/install/car_nav2_mecanum/share/car_nav2_mecanum/package.zsh'
[3.294s] Level 1:colcon.colcon_core.environment:create_file_with_runtime_dependencies(/home/ilyas-ourara/Bureau/Master/S2/Systèmes_Temps_Réel_et_Autonomes/Project/install/car_nav2_mecanum/share/colcon-core/packages/car_nav2_mecanum)
[3.295s] Level 1:colcon.colcon_core.environment:create_environment_scripts_only(car_nav2_mecanum)
[3.296s] Level 1:colcon.colcon_core.environment:checking '/home/ilyas-ourara/Bureau/Master/S2/Systèmes_Temps_Réel_et_Autonomes/Project/install/car_nav2_mecanum' for CMake module files
[3.297s] Level 1:colcon.colcon_core.environment:checking '/home/ilyas-ourara/Bureau/Master/S2/Systèmes_Temps_Réel_et_Autonomes/Project/install/car_nav2_mecanum' for CMake config files
[3.297s] Level 1:colcon.colcon_core.shell:create_environment_hook('car_nav2_mecanum', 'cmake_prefix_path')
[3.298s] INFO:colcon.colcon_core.shell:Creating environment hook '/home/ilyas-ourara/Bureau/Master/S2/Systèmes_Temps_Réel_et_Autonomes/Project/install/car_nav2_mecanum/share/car_nav2_mecanum/hook/cmake_prefix_path.ps1'
[3.298s] INFO:colcon.colcon_core.shell:Creating environment descriptor '/home/ilyas-ourara/Bureau/Master/S2/Systèmes_Temps_Réel_et_Autonomes/Project/install/car_nav2_mecanum/share/car_nav2_mecanum/hook/cmake_prefix_path.dsv'
[3.299s] INFO:colcon.colcon_core.shell:Creating environment hook '/home/ilyas-ourara/Bureau/Master/S2/Systèmes_Temps_Réel_et_Autonomes/Project/install/car_nav2_mecanum/share/car_nav2_mecanum/hook/cmake_prefix_path.sh'
[3.300s] Level 1:colcon.colcon_core.environment:checking '/home/ilyas-ourara/Bureau/Master/S2/Systèmes_Temps_Réel_et_Autonomes/Project/install/car_nav2_mecanum/bin'
[3.300s] Level 1:colcon.colcon_core.environment:checking '/home/ilyas-ourara/Bureau/Master/S2/Systèmes_Temps_Réel_et_Autonomes/Project/install/car_nav2_mecanum/lib/pkgconfig/car_nav2_mecanum.pc'
[3.301s] Level 1:colcon.colcon_core.environment:checking '/home/ilyas-ourara/Bureau/Master/S2/Systèmes_Temps_Réel_et_Autonomes/Project/install/car_nav2_mecanum/lib/python3.12/site-packages'
[3.301s] Level 1:colcon.colcon_core.environment:checking '/home/ilyas-ourara/Bureau/Master/S2/Systèmes_Temps_Réel_et_Autonomes/Project/install/car_nav2_mecanum/bin'
[3.302s] INFO:colcon.colcon_core.shell:Creating package script '/home/ilyas-ourara/Bureau/Master/S2/Systèmes_Temps_Réel_et_Autonomes/Project/install/car_nav2_mecanum/share/car_nav2_mecanum/package.ps1'
[3.303s] INFO:colcon.colcon_core.shell:Creating package descriptor '/home/ilyas-ourara/Bureau/Master/S2/Systèmes_Temps_Réel_et_Autonomes/Project/install/car_nav2_mecanum/share/car_nav2_mecanum/package.dsv'
[3.304s] INFO:colcon.colcon_core.shell:Creating package script '/home/ilyas-ourara/Bureau/Master/S2/Systèmes_Temps_Réel_et_Autonomes/Project/install/car_nav2_mecanum/share/car_nav2_mecanum/package.sh'
[3.304s] INFO:colcon.colcon_core.shell:Creating package script '/home/ilyas-ourara/Bureau/Master/S2/Systèmes_Temps_Réel_et_Autonomes/Project/install/car_nav2_mecanum/share/car_nav2_mecanum/package.bash'
[3.305s] INFO:colcon.colcon_core.shell:Creating package script '/home/ilyas-ourara/Bureau/Master/S2/Systèmes_Temps_Réel_et_Autonomes/Project/install/car_nav2_mecanum/share/car_nav2_mecanum/package.zsh'
[3.306s] Level 1:colcon.colcon_core.environment:create_file_with_runtime_dependencies(/home/ilyas-ourara/Bureau/Master/S2/Systèmes_Temps_Réel_et_Autonomes/Project/install/car_nav2_mecanum/share/colcon-core/packages/car_nav2_mecanum)
[3.306s] DEBUG:colcon.colcon_parallel_executor.executor.parallel:closing loop
[3.307s] DEBUG:colcon.colcon_parallel_executor.executor.parallel:loop closed
[3.307s] DEBUG:colcon.colcon_parallel_executor.executor.parallel:run_until_complete finished with '0'
[3.307s] DEBUG:colcon.colcon_core.event_reactor:joining thread
[3.321s] INFO:colcon.colcon_core.plugin_system:Skipping extension 'colcon_notification.desktop_notification.terminal_notifier': Not used on non-Darwin systems
[3.321s] INFO:colcon.colcon_core.plugin_system:Skipping extension 'colcon_notification.desktop_notification.win32': Not used on non-Windows systems
[3.321s] INFO:colcon.colcon_notification.desktop_notification:Sending desktop notification using 'notify2'
[3.348s] DEBUG:colcon.colcon_core.event_reactor:joined thread
[3.349s] INFO:colcon.colcon_core.shell:Creating prefix script '/home/ilyas-ourara/Bureau/Master/S2/Systèmes_Temps_Réel_et_Autonomes/Project/install/local_setup.ps1'
[3.351s] INFO:colcon.colcon_core.shell:Creating prefix util module '/home/ilyas-ourara/Bureau/Master/S2/Systèmes_Temps_Réel_et_Autonomes/Project/install/_local_setup_util_ps1.py'
[3.354s] INFO:colcon.colcon_core.shell:Creating prefix chain script '/home/ilyas-ourara/Bureau/Master/S2/Systèmes_Temps_Réel_et_Autonomes/Project/install/setup.ps1'
[3.356s] INFO:colcon.colcon_core.shell:Creating prefix script '/home/ilyas-ourara/Bureau/Master/S2/Systèmes_Temps_Réel_et_Autonomes/Project/install/local_setup.sh'
[3.358s] INFO:colcon.colcon_core.shell:Creating prefix util module '/home/ilyas-ourara/Bureau/Master/S2/Systèmes_Temps_Réel_et_Autonomes/Project/install/_local_setup_util_sh.py'
[3.359s] INFO:colcon.colcon_core.shell:Creating prefix chain script '/home/ilyas-ourara/Bureau/Master/S2/Systèmes_Temps_Réel_et_Autonomes/Project/install/setup.sh'
[3.363s] INFO:colcon.colcon_core.shell:Creating prefix script '/home/ilyas-ourara/Bureau/Master/S2/Systèmes_Temps_Réel_et_Autonomes/Project/install/local_setup.bash'
[3.364s] INFO:colcon.colcon_core.shell:Creating prefix chain script '/home/ilyas-ourara/Bureau/Master/S2/Systèmes_Temps_Réel_et_Autonomes/Project/install/setup.bash'
[3.366s] INFO:colcon.colcon_core.shell:Creating prefix script '/home/ilyas-ourara/Bureau/Master/S2/Systèmes_Temps_Réel_et_Autonomes/Project/install/local_setup.zsh'
[3.367s] INFO:colcon.colcon_core.shell:Creating prefix chain script '/home/ilyas-ourara/Bureau/Master/S2/Systèmes_Temps_Réel_et_Autonomes/Project/install/setup.zsh'
