[0.204s] DEBUG:colcon:Command line arguments: ['/usr/bin/colcon', 'build']
[0.204s] DEBUG:colcon:Parsed command line arguments: Namespace(log_base=None, log_level=None, verb_name='build', build_base='build', install_base='install', merge_install=False, symlink_install=False, test_result_base=None, continue_on_error=False, executor='parallel', parallel_workers=4, event_handlers=None, ignore_user_meta=False, metas=['./colcon.meta'], base_paths=['.'], packages_ignore=None, packages_ignore_regex=None, paths=None, packages_up_to=None, packages_up_to_regex=None, packages_above=None, packages_above_and_dependencies=None, packages_above_depth=None, packages_select_by_dep=None, packages_skip_by_dep=None, packages_skip_up_to=None, packages_select_build_failed=False, packages_skip_build_finished=False, packages_select_test_failures=False, packages_skip_test_passed=False, packages_select=None, packages_skip=None, packages_select_regex=None, packages_skip_regex=None, packages_start=None, packages_end=None, allow_overriding=[], cmake_args=None, cmake_target=None, cmake_target_skip_unavailable=False, cmake_clean_cache=False, cmake_clean_first=False, cmake_force_configure=False, ament_cmake_args=None, catkin_cmake_args=None, catkin_skip_building_tests=False, mixin_files=None, mixin=None, verb_parser=<colcon_mixin.mixin.mixin_argument.MixinArgumentDecorator object at 0x72dc7ca53080>, verb_extension=<colcon_core.verb.build.BuildVerb object at 0x72dc7cbd76b0>, main=<bound method BuildVerb.main of <colcon_core.verb.build.BuildVerb object at 0x72dc7cbd76b0>>, mixin_verb=('build',))
[0.273s] Level 1:colcon.colcon_core.package_discovery:discover_packages(colcon_meta) check parameters
[0.273s] Level 1:colcon.colcon_core.package_discovery:discover_packages(recursive) check parameters
[0.273s] Level 1:colcon.colcon_core.package_discovery:discover_packages(ignore) check parameters
[0.274s] Level 1:colcon.colcon_core.package_discovery:discover_packages(path) check parameters
[0.274s] Level 1:colcon.colcon_core.package_discovery:discover_packages(colcon_meta) discover
[0.274s] Level 1:colcon.colcon_core.package_discovery:discover_packages(recursive) discover
[0.274s] INFO:colcon.colcon_core.package_discovery:Crawling recursively for packages in '/home/ilyas-ourara/Bureau/Master/S2/Systèmes Temps Réel et
Autonomes/Project/car_nav2_mecanum'
[0.274s] Level 1:colcon.colcon_core.package_identification:_identify(.) by extensions ['ignore', 'ignore_ament_install']
[0.274s] Level 1:colcon.colcon_core.package_identification:_identify(.) by extension 'ignore'
[0.275s] Level 1:colcon.colcon_core.package_identification:_identify(.) by extension 'ignore_ament_install'
[0.275s] Level 1:colcon.colcon_core.package_identification:_identify(.) by extensions ['colcon_pkg']
[0.275s] Level 1:colcon.colcon_core.package_identification:_identify(.) by extension 'colcon_pkg'
[0.275s] Level 1:colcon.colcon_core.package_identification:_identify(.) by extensions ['colcon_meta']
[0.275s] Level 1:colcon.colcon_core.package_identification:_identify(.) by extension 'colcon_meta'
[0.275s] Level 1:colcon.colcon_core.package_identification:_identify(.) by extensions ['ros']
[0.275s] Level 1:colcon.colcon_core.package_identification:_identify(.) by extension 'ros'
[0.327s] Level 1:colcon.colcon_core.package_identification:_identify(.) by extensions ['cmake', 'python']
[0.328s] Level 1:colcon.colcon_core.package_identification:_identify(.) by extension 'cmake'
[0.328s] Level 1:colcon.colcon_core.package_identification:_identify(.) by extension 'python'
[0.328s] Level 1:colcon.colcon_core.package_identification:_identify(.) by extensions ['python_setup_py']
[0.328s] Level 1:colcon.colcon_core.package_identification:_identify(.) by extension 'python_setup_py'
[0.328s] Level 1:colcon.colcon_core.package_identification:_identify(build) by extensions ['ignore', 'ignore_ament_install']
[0.328s] Level 1:colcon.colcon_core.package_identification:_identify(build) by extension 'ignore'
[0.328s] Level 1:colcon.colcon_core.package_identification:_identify(build) ignored
[0.328s] Level 1:colcon.colcon_core.package_identification:_identify(install) by extensions ['ignore', 'ignore_ament_install']
[0.329s] Level 1:colcon.colcon_core.package_identification:_identify(install) by extension 'ignore'
[0.329s] Level 1:colcon.colcon_core.package_identification:_identify(install) ignored
[0.329s] Level 1:colcon.colcon_core.package_identification:_identify(log) by extensions ['ignore', 'ignore_ament_install']
[0.329s] Level 1:colcon.colcon_core.package_identification:_identify(log) by extension 'ignore'
[0.329s] Level 1:colcon.colcon_core.package_identification:_identify(log) ignored
[0.329s] Level 1:colcon.colcon_core.package_identification:_identify(src) by extensions ['ignore', 'ignore_ament_install']
[0.329s] Level 1:colcon.colcon_core.package_identification:_identify(src) by extension 'ignore'
[0.329s] Level 1:colcon.colcon_core.package_identification:_identify(src) by extension 'ignore_ament_install'
[0.330s] Level 1:colcon.colcon_core.package_identification:_identify(src) by extensions ['colcon_pkg']
[0.330s] Level 1:colcon.colcon_core.package_identification:_identify(src) by extension 'colcon_pkg'
[0.330s] Level 1:colcon.colcon_core.package_identification:_identify(src) by extensions ['colcon_meta']
[0.330s] Level 1:colcon.colcon_core.package_identification:_identify(src) by extension 'colcon_meta'
[0.330s] Level 1:colcon.colcon_core.package_identification:_identify(src) by extensions ['ros']
[0.330s] Level 1:colcon.colcon_core.package_identification:_identify(src) by extension 'ros'
[0.334s] DEBUG:colcon.colcon_core.package_identification:Package 'src' with type 'ros.ament_cmake' and name 'car_nav2_mecanum'
[0.334s] Level 1:colcon.colcon_core.package_discovery:discover_packages(recursive) using defaults
[0.334s] Level 1:colcon.colcon_core.package_discovery:discover_packages(ignore) discover
[0.334s] Level 1:colcon.colcon_core.package_discovery:discover_packages(ignore) using defaults
[0.334s] Level 1:colcon.colcon_core.package_discovery:discover_packages(path) discover
[0.334s] Level 1:colcon.colcon_core.package_discovery:discover_packages(path) using defaults
[0.364s] Level 1:colcon.colcon_core.package_discovery:discover_packages(prefix_path) check parameters
[0.364s] Level 1:colcon.colcon_core.package_discovery:discover_packages(prefix_path) discover
[0.369s] DEBUG:colcon.colcon_installed_package_information.package_discovery:Found 340 installed packages in /opt/ros/jazzy
[0.372s] Level 1:colcon.colcon_core.package_discovery:discover_packages(prefix_path) using defaults
[0.456s] Level 5:colcon.colcon_core.verb:set package 'car_nav2_mecanum' build argument 'cmake_args' from command line to 'None'
[0.456s] Level 5:colcon.colcon_core.verb:set package 'car_nav2_mecanum' build argument 'cmake_target' from command line to 'None'
[0.456s] Level 5:colcon.colcon_core.verb:set package 'car_nav2_mecanum' build argument 'cmake_target_skip_unavailable' from command line to 'False'
[0.456s] Level 5:colcon.colcon_core.verb:set package 'car_nav2_mecanum' build argument 'cmake_clean_cache' from command line to 'False'
[0.456s] Level 5:colcon.colcon_core.verb:set package 'car_nav2_mecanum' build argument 'cmake_clean_first' from command line to 'False'
[0.456s] Level 5:colcon.colcon_core.verb:set package 'car_nav2_mecanum' build argument 'cmake_force_configure' from command line to 'False'
[0.456s] Level 5:colcon.colcon_core.verb:set package 'car_nav2_mecanum' build argument 'ament_cmake_args' from command line to 'None'
[0.456s] Level 5:colcon.colcon_core.verb:set package 'car_nav2_mecanum' build argument 'catkin_cmake_args' from command line to 'None'
[0.456s] Level 5:colcon.colcon_core.verb:set package 'car_nav2_mecanum' build argument 'catkin_skip_building_tests' from command line to 'False'
[0.456s] DEBUG:colcon.colcon_core.verb:Building package 'car_nav2_mecanum' with the following arguments: {'ament_cmake_args': None, 'build_base': '/home/ilyas-ourara/Bureau/Master/S2/Systèmes Temps Réel et\nAutonomes/Project/car_nav2_mecanum/build/car_nav2_mecanum', 'catkin_cmake_args': None, 'catkin_skip_building_tests': False, 'cmake_args': None, 'cmake_clean_cache': False, 'cmake_clean_first': False, 'cmake_force_configure': False, 'cmake_target': None, 'cmake_target_skip_unavailable': False, 'install_base': '/home/ilyas-ourara/Bureau/Master/S2/Systèmes Temps Réel et\nAutonomes/Project/car_nav2_mecanum/install/car_nav2_mecanum', 'merge_install': False, 'path': '/home/ilyas-ourara/Bureau/Master/S2/Systèmes Temps Réel et\nAutonomes/Project/car_nav2_mecanum/src', 'symlink_install': False, 'test_result_base': None}
[0.457s] INFO:colcon.colcon_core.executor:Executing jobs using 'parallel' executor
[0.458s] DEBUG:colcon.colcon_parallel_executor.executor.parallel:run_until_complete
[0.458s] INFO:colcon.colcon_ros.task.ament_cmake.build:Building ROS package in '/home/ilyas-ourara/Bureau/Master/S2/Systèmes Temps Réel et
Autonomes/Project/car_nav2_mecanum/src' with build type 'ament_cmake'
[0.458s] INFO:colcon.colcon_cmake.task.cmake.build:Building CMake package in '/home/ilyas-ourara/Bureau/Master/S2/Systèmes Temps Réel et
Autonomes/Project/car_nav2_mecanum/src'
[0.463s] INFO:colcon.colcon_core.plugin_system:Skipping extension 'colcon_core.shell.bat': Not used on non-Windows systems
[0.463s] INFO:colcon.colcon_core.shell:Skip shell extension 'powershell' for command environment: Not usable outside of PowerShell
[0.463s] DEBUG:colcon.colcon_core.shell:Skip shell extension 'dsv' for command environment
[0.478s] DEBUG:colcon.colcon_core.event_handler.log_command:Invoking command in '/home/ilyas-ourara/Bureau/Master/S2/Systèmes Temps Réel et
Autonomes/Project/car_nav2_mecanum/build/car_nav2_mecanum': CMAKE_PREFIX_PATH=${CMAKE_PREFIX_PATH}:/opt/ros/jazzy DEBUGINFOD_URLS=https://debuginfod.ubuntu.com /usr/bin/cmake /home/ilyas-ourara/Bureau/Master/S2/Systèmes Temps Réel et
Autonomes/Project/car_nav2_mecanum/src -DCMAKE_INSTALL_PREFIX=/home/ilyas-ourara/Bureau/Master/S2/Systèmes Temps Réel et
Autonomes/Project/car_nav2_mecanum/install/car_nav2_mecanum
[0.870s] DEBUG:colcon.colcon_core.event_handler.log_command:Invoked command in '/home/ilyas-ourara/Bureau/Master/S2/Systèmes Temps Réel et
Autonomes/Project/car_nav2_mecanum/build/car_nav2_mecanum' returned '1': CMAKE_PREFIX_PATH=${CMAKE_PREFIX_PATH}:/opt/ros/jazzy DEBUGINFOD_URLS=https://debuginfod.ubuntu.com /usr/bin/cmake /home/ilyas-ourara/Bureau/Master/S2/Systèmes Temps Réel et
Autonomes/Project/car_nav2_mecanum/src -DCMAKE_INSTALL_PREFIX=/home/ilyas-ourara/Bureau/Master/S2/Systèmes Temps Réel et
Autonomes/Project/car_nav2_mecanum/install/car_nav2_mecanum
[0.894s] Level 1:colcon.colcon_core.environment:create_environment_scripts_only(car_nav2_mecanum)
[0.898s] Level 1:colcon.colcon_core.environment:checking '/home/ilyas-ourara/Bureau/Master/S2/Systèmes Temps Réel et
Autonomes/Project/car_nav2_mecanum/install/car_nav2_mecanum' for CMake module files
[0.899s] Level 1:colcon.colcon_core.environment:checking '/home/ilyas-ourara/Bureau/Master/S2/Systèmes Temps Réel et
Autonomes/Project/car_nav2_mecanum/install/car_nav2_mecanum' for CMake config files
[0.899s] Level 1:colcon.colcon_core.environment:checking '/home/ilyas-ourara/Bureau/Master/S2/Systèmes Temps Réel et
Autonomes/Project/car_nav2_mecanum/install/car_nav2_mecanum/bin'
[0.900s] Level 1:colcon.colcon_core.environment:checking '/home/ilyas-ourara/Bureau/Master/S2/Systèmes Temps Réel et
Autonomes/Project/car_nav2_mecanum/install/car_nav2_mecanum/lib/pkgconfig/car_nav2_mecanum.pc'
[0.900s] Level 1:colcon.colcon_core.environment:checking '/home/ilyas-ourara/Bureau/Master/S2/Systèmes Temps Réel et
Autonomes/Project/car_nav2_mecanum/install/car_nav2_mecanum/lib/python3.12/site-packages'
[0.900s] Level 1:colcon.colcon_core.environment:checking '/home/ilyas-ourara/Bureau/Master/S2/Systèmes Temps Réel et
Autonomes/Project/car_nav2_mecanum/install/car_nav2_mecanum/bin'
[0.901s] INFO:colcon.colcon_core.shell:Creating package script '/home/ilyas-ourara/Bureau/Master/S2/Systèmes Temps Réel et
Autonomes/Project/car_nav2_mecanum/install/car_nav2_mecanum/share/car_nav2_mecanum/package.ps1'
[0.902s] INFO:colcon.colcon_core.shell:Creating package descriptor '/home/ilyas-ourara/Bureau/Master/S2/Systèmes Temps Réel et
Autonomes/Project/car_nav2_mecanum/install/car_nav2_mecanum/share/car_nav2_mecanum/package.dsv'
[0.903s] INFO:colcon.colcon_core.shell:Creating package script '/home/ilyas-ourara/Bureau/Master/S2/Systèmes Temps Réel et
Autonomes/Project/car_nav2_mecanum/install/car_nav2_mecanum/share/car_nav2_mecanum/package.sh'
[0.904s] INFO:colcon.colcon_core.shell:Creating package script '/home/ilyas-ourara/Bureau/Master/S2/Systèmes Temps Réel et
Autonomes/Project/car_nav2_mecanum/install/car_nav2_mecanum/share/car_nav2_mecanum/package.bash'
[0.905s] INFO:colcon.colcon_core.shell:Creating package script '/home/ilyas-ourara/Bureau/Master/S2/Systèmes Temps Réel et
Autonomes/Project/car_nav2_mecanum/install/car_nav2_mecanum/share/car_nav2_mecanum/package.zsh'
[0.906s] Level 1:colcon.colcon_core.environment:create_file_with_runtime_dependencies(/home/ilyas-ourara/Bureau/Master/S2/Systèmes Temps Réel et
Autonomes/Project/car_nav2_mecanum/install/car_nav2_mecanum/share/colcon-core/packages/car_nav2_mecanum)
[0.907s] DEBUG:colcon.colcon_parallel_executor.executor.parallel:closing loop
[0.907s] DEBUG:colcon.colcon_parallel_executor.executor.parallel:loop closed
[0.908s] DEBUG:colcon.colcon_parallel_executor.executor.parallel:run_until_complete finished with '1'
[0.908s] DEBUG:colcon.colcon_core.event_reactor:joining thread
[0.920s] INFO:colcon.colcon_core.plugin_system:Skipping extension 'colcon_notification.desktop_notification.terminal_notifier': Not used on non-Darwin systems
[0.921s] INFO:colcon.colcon_core.plugin_system:Skipping extension 'colcon_notification.desktop_notification.win32': Not used on non-Windows systems
[0.921s] INFO:colcon.colcon_notification.desktop_notification:Sending desktop notification using 'notify2'
[0.946s] DEBUG:colcon.colcon_core.event_reactor:joined thread
[0.946s] INFO:colcon.colcon_core.shell:Creating prefix script '/home/ilyas-ourara/Bureau/Master/S2/Systèmes Temps Réel et
Autonomes/Project/car_nav2_mecanum/install/local_setup.ps1'
[0.948s] INFO:colcon.colcon_core.shell:Creating prefix util module '/home/ilyas-ourara/Bureau/Master/S2/Systèmes Temps Réel et
Autonomes/Project/car_nav2_mecanum/install/_local_setup_util_ps1.py'
[0.950s] INFO:colcon.colcon_core.shell:Creating prefix chain script '/home/ilyas-ourara/Bureau/Master/S2/Systèmes Temps Réel et
Autonomes/Project/car_nav2_mecanum/install/setup.ps1'
[0.952s] INFO:colcon.colcon_core.shell:Creating prefix script '/home/ilyas-ourara/Bureau/Master/S2/Systèmes Temps Réel et
Autonomes/Project/car_nav2_mecanum/install/local_setup.sh'
[0.953s] INFO:colcon.colcon_core.shell:Creating prefix util module '/home/ilyas-ourara/Bureau/Master/S2/Systèmes Temps Réel et
Autonomes/Project/car_nav2_mecanum/install/_local_setup_util_sh.py'
[0.954s] INFO:colcon.colcon_core.shell:Creating prefix chain script '/home/ilyas-ourara/Bureau/Master/S2/Systèmes Temps Réel et
Autonomes/Project/car_nav2_mecanum/install/setup.sh'
[0.956s] INFO:colcon.colcon_core.shell:Creating prefix script '/home/ilyas-ourara/Bureau/Master/S2/Systèmes Temps Réel et
Autonomes/Project/car_nav2_mecanum/install/local_setup.bash'
[0.957s] INFO:colcon.colcon_core.shell:Creating prefix chain script '/home/ilyas-ourara/Bureau/Master/S2/Systèmes Temps Réel et
Autonomes/Project/car_nav2_mecanum/install/setup.bash'
[0.959s] INFO:colcon.colcon_core.shell:Creating prefix script '/home/ilyas-ourara/Bureau/Master/S2/Systèmes Temps Réel et
Autonomes/Project/car_nav2_mecanum/install/local_setup.zsh'
[0.960s] INFO:colcon.colcon_core.shell:Creating prefix chain script '/home/ilyas-ourara/Bureau/Master/S2/Systèmes Temps Réel et
Autonomes/Project/car_nav2_mecanum/install/setup.zsh'
